<?xml version="1.0" encoding="UTF-8"?>
<!-- Generated by org.testng.reporters.JUnitReportReporter -->
<testsuite hostname="DESKTOP-ICLD36V" failures="0" tests="2" name="runner.Testng_runner" time="27.643" errors="0" timestamp="2024-07-11T23:37:41 IST" skipped="0">
  <testcase classname="runner.Testng_runner" name="runScenario" time="15.162"/>
  <system-out/>
  <testcase classname="runner.Testng_runner" name="runScenario" time="12.481"/>
  <system-out/>
</testsuite> <!-- runner.Testng_runner -->
